<?xml version="1.0" encoding="UTF-8"?>
<testsuite name="com.sparta.memo.TransactionTest" tests="1" skipped="1" failures="0" errors="0" timestamp="2024-08-21T17:28:03" hostname="t2023-m0073ui-MacBookAir.local" time="0.0">
  <properties/>
  <testcase name="트랜잭션 전파 테스트" classname="com.sparta.memo.TransactionTest" time="0.0">
    <skipped/>
  </testcase>
  <system-out><![CDATA[02:28:02.032 [Test worker] INFO org.springframework.test.context.support.AnnotationConfigContextLoaderUtils -- Could not detect default configuration classes for test class [com.sparta.memo.TransactionTest]: TransactionTest does not declare any static, non-private, non-final, nested classes annotated with @Configuration.
02:28:02.081 [Test worker] INFO org.springframework.boot.test.context.SpringBootTestContextBootstrapper -- Found @SpringBootConfiguration com.sparta.memo.MemoApplication for test class com.sparta.memo.TransactionTest

  .   ____          _            __ _ _
 /\\ / ___'_ __ _ _(_)_ __  __ _ \ \ \ \
( ( )\___ | '_ | '_| | '_ \/ _` | \ \ \ \
 \\/  ___)| |_)| | | | | || (_| |  ) ) ) )
  '  |____| .__|_| |_|_| |_\__, | / / / /
 =========|_|==============|___/=/_/_/_/

 :: Spring Boot ::                (v3.3.2)

2024-08-22T02:28:02.255+09:00  INFO 73245 --- [memo] [    Test worker] com.sparta.memo.TransactionTest          : Starting TransactionTest using Java 17.0.11 with PID 73245 (started by t2023-m0073 in /Users/t2023-m0073/Desktop/Sparta/memo)
2024-08-22T02:28:02.256+09:00  INFO 73245 --- [memo] [    Test worker] com.sparta.memo.TransactionTest          : No active profile set, falling back to 1 default profile: "default"
2024-08-22T02:28:02.530+09:00  INFO 73245 --- [memo] [    Test worker] .s.d.r.c.RepositoryConfigurationDelegate : Bootstrapping Spring Data JPA repositories in DEFAULT mode.
2024-08-22T02:28:02.554+09:00  INFO 73245 --- [memo] [    Test worker] .s.d.r.c.RepositoryConfigurationDelegate : Finished Spring Data repository scanning in 20 ms. Found 1 JPA repository interface.
2024-08-22T02:28:02.747+09:00  INFO 73245 --- [memo] [    Test worker] o.hibernate.jpa.internal.util.LogHelper  : HHH000204: Processing PersistenceUnitInfo [name: default]
2024-08-22T02:28:02.776+09:00  INFO 73245 --- [memo] [    Test worker] org.hibernate.Version                    : HHH000412: Hibernate ORM core version 6.5.2.Final
2024-08-22T02:28:02.793+09:00  INFO 73245 --- [memo] [    Test worker] o.h.c.internal.RegionFactoryInitiator    : HHH000026: Second-level cache disabled
2024-08-22T02:28:02.934+09:00  INFO 73245 --- [memo] [    Test worker] o.s.o.j.p.SpringPersistenceUnitInfo      : No LoadTimeWeaver setup: ignoring JPA class transformer
2024-08-22T02:28:02.947+09:00  INFO 73245 --- [memo] [    Test worker] com.zaxxer.hikari.HikariDataSource       : HikariPool-1 - Starting...
2024-08-22T02:28:03.109+09:00  INFO 73245 --- [memo] [    Test worker] com.zaxxer.hikari.pool.HikariPool        : HikariPool-1 - Added connection com.mysql.cj.jdbc.ConnectionImpl@3ea84e01
2024-08-22T02:28:03.110+09:00  INFO 73245 --- [memo] [    Test worker] com.zaxxer.hikari.HikariDataSource       : HikariPool-1 - Start completed.
2024-08-22T02:28:03.507+09:00  INFO 73245 --- [memo] [    Test worker] o.h.e.t.j.p.i.JtaPlatformInitiator       : HHH000489: No JTA platform available (set 'hibernate.transaction.jta.platform' to enable JTA platform integration)
2024-08-22T02:28:03.532+09:00  INFO 73245 --- [memo] [    Test worker] j.LocalContainerEntityManagerFactoryBean : Initialized JPA EntityManagerFactory for persistence unit 'default'
2024-08-22T02:28:03.692+09:00  WARN 73245 --- [memo] [    Test worker] JpaBaseConfiguration$JpaWebConfiguration : spring.jpa.open-in-view is enabled by default. Therefore, database queries may be performed during view rendering. Explicitly configure spring.jpa.open-in-view to disable this warning
2024-08-22T02:28:03.703+09:00  INFO 73245 --- [memo] [    Test worker] o.s.b.a.w.s.WelcomePageHandlerMapping    : Adding welcome page: class path resource [static/index.html]
2024-08-22T02:28:03.868+09:00  INFO 73245 --- [memo] [    Test worker] com.sparta.memo.TransactionTest          : Started TransactionTest in 1.712 seconds (process running for 2.206)
]]></system-out>
  <system-err><![CDATA[]]></system-err>
</testsuite>
