<?xml version="1.0" encoding="UTF-8"?>
<testsuite name="com.sparta.springresttemplateclient.SpringResttemplateClientApplicationTests" tests="1" skipped="0" failures="0" errors="0" timestamp="2024-08-27T05:35:58" hostname="t2023-m0073ui-MacBookAir.local" time="0.439">
  <properties/>
  <testcase name="contextLoads()" classname="com.sparta.springresttemplateclient.SpringResttemplateClientApplicationTests" time="0.439"/>
  <system-out><![CDATA[14:35:57.323 [Test worker] INFO org.springframework.test.context.support.AnnotationConfigContextLoaderUtils -- Could not detect default configuration classes for test class [com.sparta.springresttemplateclient.SpringResttemplateClientApplicationTests]: SpringResttemplateClientApplicationTests does not declare any static, non-private, non-final, nested classes annotated with @Configuration.
14:35:57.365 [Test worker] INFO org.springframework.boot.test.context.SpringBootTestContextBootstrapper -- Found @SpringBootConfiguration com.sparta.springresttemplateclient.SpringResttemplateClientApplication for test class com.sparta.springresttemplateclient.SpringResttemplateClientApplicationTests

  .   ____          _            __ _ _
 /\\ / ___'_ __ _ _(_)_ __  __ _ \ \ \ \
( ( )\___ | '_ | '_| | '_ \/ _` | \ \ \ \
 \\/  ___)| |_)| | | | | || (_| |  ) ) ) )
  '  |____| .__|_| |_|_| |_\__, | / / / /
 =========|_|==============|___/=/_/_/_/

 :: Spring Boot ::                (v3.3.3)

2024-08-27T14:35:57.542+09:00  WARN 30826 --- [spring-resttemplate-client] [    Test worker] ory$DuplicateJsonObjectContextCustomizer : 

Found multiple occurrences of org.json.JSONObject on the class path:

	jar:file:/Users/t2023-m0073/.gradle/caches/modules-2/files-2.1/org.json/json/20230227/7a0d4aca76513d8ce81f9b044ce8126b84809ad8/json-20230227.jar!/org/json/JSONObject.class
	jar:file:/Users/t2023-m0073/.gradle/caches/modules-2/files-2.1/com.vaadin.external.google/android-json/0.0.20131108.vaadin1/fa26d351fe62a6a17f5cda1287c1c6110dec413f/android-json-0.0.20131108.vaadin1.jar!/org/json/JSONObject.class

You may wish to exclude one of them to ensure predictable runtime behavior

2024-08-27T14:35:57.548+09:00  INFO 30826 --- [spring-resttemplate-client] [    Test worker] SpringResttemplateClientApplicationTests : Starting SpringResttemplateClientApplicationTests using Java 17.0.11 with PID 30826 (started by t2023-m0073 in /Users/t2023-m0073/Desktop/Sparta/spring-resttemplate-client)
2024-08-27T14:35:57.549+09:00  INFO 30826 --- [spring-resttemplate-client] [    Test worker] SpringResttemplateClientApplicationTests : No active profile set, falling back to 1 default profile: "default"
2024-08-27T14:35:58.105+09:00  INFO 30826 --- [spring-resttemplate-client] [    Test worker] SpringResttemplateClientApplicationTests : Started SpringResttemplateClientApplicationTests in 0.683 seconds (process running for 1.189)
]]></system-out>
  <system-err><![CDATA[]]></system-err>
</testsuite>
